<?xml version="1.0" encoding="UTF-8"?>
<testng-results ignored="0" total="1" passed="1" failed="0" skipped="0">
  <reporter-output>
  </reporter-output>
  <suite started-at="2023-11-28T18:39:42 IST" name="Default suite" finished-at="2023-11-28T18:40:41 IST" duration-ms="59062">
    <groups>
    </groups>
    <test started-at="2023-11-28T18:39:42 IST" name="Default test" finished-at="2023-11-28T18:40:41 IST" duration-ms="59062">
      <class name="testsuites.S10_44AdministratorCertifications">
        <test-method is-config="true" signature="launchApplication()[pri:0, instance:testsuites.S10_44AdministratorCertifications@71def8f8]" started-at="2023-11-28T18:39:42 IST" name="launchApplication" finished-at="2023-11-28T18:39:55 IST" duration-ms="12600" status="PASS">
          <reporter-output>
          </reporter-output>
        </test-method> <!-- launchApplication -->
        <test-method signature="AdminCert()[pri:0, instance:testsuites.S10_44AdministratorCertifications@71def8f8]" started-at="2023-11-28T18:39:55 IST" name="AdminCert" finished-at="2023-11-28T18:40:41 IST" duration-ms="46360" status="PASS">
          <reporter-output>
          </reporter-output>
        </test-method> <!-- AdminCert -->
        <test-method is-config="true" signature="screenshot(org.testng.ITestResult)[pri:0, instance:testsuites.S10_44AdministratorCertifications@71def8f8]" started-at="2023-11-28T18:40:41 IST" name="screenshot" finished-at="2023-11-28T18:40:41 IST" duration-ms="73" status="PASS">
          <params>
            <param index="0">
              <value>
                <![CDATA[[TestResult name=AdminCert status=SUCCESS method=S10_44AdministratorCertifications.AdminCert()[pri:0, instance:testsuites.S10_44AdministratorCertifications@71def8f8] output={null}]]]>
              </value>
            </param>
          </params>
          <reporter-output>
          </reporter-output>
        </test-method> <!-- screenshot -->
      </class> <!-- testsuites.S10_44AdministratorCertifications -->
    </test> <!-- Default test -->
  </suite> <!-- Default suite -->
</testng-results>
